<?xml version="1.0" encoding="UTF-8"?>
<!-- Generated by org.testng.reporters.JUnitXMLReporter -->
<testsuite hostname="FLHQ-PC0RH4FH" ignored="0" name="Test" tests="3" failures="0" timestamp="2022-12-12T15:54:48 EST" time="23.832" errors="0">
  <testcase name="invalidPassword" time="3.85" classname="com.qa.tests.LoginTests"/>
  <testcase name="invalidUsername" time="3.306" classname="com.qa.tests.LoginTests"/>
  <testcase name="successLogin" time="4.391" classname="com.qa.tests.LoginTests"/>
</testsuite> <!-- Test -->
