<?xml version="1.0" encoding="UTF-8"?>
<testng-results skipped="0" failed="0" ignored="0" total="3" passed="3">
  <reporter-output>
  </reporter-output>
  <suite name="Suite" duration-ms="23832" started-at="2022-12-12T15:54:24 EST" finished-at="2022-12-12T15:54:48 EST">
    <groups>
    </groups>
    <test name="Test" duration-ms="23832" started-at="2022-12-12T15:54:24 EST" finished-at="2022-12-12T15:54:48 EST">
      <class name="com.qa.tests.LoginTests">
        <test-method status="PASS" signature="beforeTest(java.lang.String,java.lang.String,java.lang.String)[pri:0, instance:com.qa.tests.LoginTests@33b37288]" name="beforeTest" is-config="true" duration-ms="11316" started-at="2022-12-12T15:54:24 EST" finished-at="2022-12-12T15:54:35 EST">
          <params>
            <param index="0">
              <value>
                <![CDATA[Android]]>
              </value>
            </param>
            <param index="1">
              <value>
                <![CDATA[12]]>
              </value>
            </param>
            <param index="2">
              <value>
                <![CDATA[Any device name]]>
              </value>
            </param>
          </params>
          <reporter-output>
          </reporter-output>
        </test-method> <!-- beforeTest -->
        <test-method status="PASS" signature="beforeClass()[pri:0, instance:com.qa.tests.LoginTests@33b37288]" name="beforeClass" is-config="true" duration-ms="8" started-at="2022-12-12T15:54:35 EST" finished-at="2022-12-12T15:54:35 EST">
          <reporter-output>
          </reporter-output>
        </test-method> <!-- beforeClass -->
        <test-method status="PASS" signature="beforeMethod(java.lang.reflect.Method)[pri:0, instance:com.qa.tests.LoginTests@33b37288]" name="beforeMethod" is-config="true" duration-ms="228" started-at="2022-12-12T15:54:35 EST" finished-at="2022-12-12T15:54:35 EST">
          <params>
            <param index="0">
              <value>
                <![CDATA[public void com.qa.tests.LoginTests.invalidPassword()]]>
              </value>
            </param>
          </params>
          <reporter-output>
          </reporter-output>
        </test-method> <!-- beforeMethod -->
        <test-method status="PASS" signature="invalidPassword()[pri:0, instance:com.qa.tests.LoginTests@33b37288]" name="invalidPassword" duration-ms="3850" started-at="2022-12-12T15:54:35 EST" finished-at="2022-12-12T15:54:39 EST">
          <reporter-output>
          </reporter-output>
        </test-method> <!-- invalidPassword -->
        <test-method status="PASS" signature="afterMethod()[pri:0, instance:com.qa.tests.LoginTests@33b37288]" name="afterMethod" is-config="true" duration-ms="0" started-at="2022-12-12T15:54:39 EST" finished-at="2022-12-12T15:54:39 EST">
          <reporter-output>
          </reporter-output>
        </test-method> <!-- afterMethod -->
        <test-method status="PASS" signature="beforeMethod(java.lang.reflect.Method)[pri:0, instance:com.qa.tests.LoginTests@33b37288]" name="beforeMethod" is-config="true" duration-ms="2" started-at="2022-12-12T15:54:39 EST" finished-at="2022-12-12T15:54:39 EST">
          <params>
            <param index="0">
              <value>
                <![CDATA[public void com.qa.tests.LoginTests.invalidUsername()]]>
              </value>
            </param>
          </params>
          <reporter-output>
          </reporter-output>
        </test-method> <!-- beforeMethod -->
        <test-method status="PASS" signature="invalidUsername()[pri:0, instance:com.qa.tests.LoginTests@33b37288]" name="invalidUsername" duration-ms="3306" started-at="2022-12-12T15:54:39 EST" finished-at="2022-12-12T15:54:42 EST">
          <reporter-output>
          </reporter-output>
        </test-method> <!-- invalidUsername -->
        <test-method status="PASS" signature="beforeMethod(java.lang.reflect.Method)[pri:0, instance:com.qa.tests.LoginTests@33b37288]" name="beforeMethod" is-config="true" duration-ms="1" started-at="2022-12-12T15:54:42 EST" finished-at="2022-12-12T15:54:42 EST">
          <params>
            <param index="0">
              <value>
                <![CDATA[public void com.qa.tests.LoginTests.successLogin()]]>
              </value>
            </param>
          </params>
          <reporter-output>
          </reporter-output>
        </test-method> <!-- beforeMethod -->
        <test-method status="PASS" signature="afterMethod()[pri:0, instance:com.qa.tests.LoginTests@33b37288]" name="afterMethod" is-config="true" duration-ms="0" started-at="2022-12-12T15:54:42 EST" finished-at="2022-12-12T15:54:42 EST">
          <reporter-output>
          </reporter-output>
        </test-method> <!-- afterMethod -->
        <test-method status="PASS" signature="successLogin()[pri:0, instance:com.qa.tests.LoginTests@33b37288]" name="successLogin" duration-ms="4391" started-at="2022-12-12T15:54:42 EST" finished-at="2022-12-12T15:54:47 EST">
          <reporter-output>
          </reporter-output>
        </test-method> <!-- successLogin -->
        <test-method status="PASS" signature="afterMethod()[pri:0, instance:com.qa.tests.LoginTests@33b37288]" name="afterMethod" is-config="true" duration-ms="1" started-at="2022-12-12T15:54:47 EST" finished-at="2022-12-12T15:54:47 EST">
          <reporter-output>
          </reporter-output>
        </test-method> <!-- afterMethod -->
        <test-method status="PASS" signature="afterClass()[pri:0, instance:com.qa.tests.LoginTests@33b37288]" name="afterClass" is-config="true" duration-ms="0" started-at="2022-12-12T15:54:47 EST" finished-at="2022-12-12T15:54:47 EST">
          <reporter-output>
          </reporter-output>
        </test-method> <!-- afterClass -->
        <test-method status="PASS" signature="afterTest()[pri:0, instance:com.qa.tests.LoginTests@33b37288]" name="afterTest" is-config="true" duration-ms="666" started-at="2022-12-12T15:54:47 EST" finished-at="2022-12-12T15:54:48 EST">
          <reporter-output>
          </reporter-output>
        </test-method> <!-- afterTest -->
      </class> <!-- com.qa.tests.LoginTests -->
    </test> <!-- Test -->
  </suite> <!-- Suite -->
</testng-results>
